
Wed 13 Mar 2024 08:41:01 PM UTC: 
 exercises.c | 18 +++++++++++++++---
 1 file changed, 15 insertions(+), 3 deletions(-)
 tests:  0|7
total_score: 0/70
a2e6a06
Wed 13 Mar 2024 08:42:55 PM UTC: 
 exercises.c | 2 +-
 1 file changed, 1 insertion(+), 1 deletion(-)
 tests:  0|6
total_score: 10/70
7e62564
Wed 13 Mar 2024 08:44:44 PM UTC: 
 exercises.c | 2 +-
 1 file changed, 1 insertion(+), 1 deletion(-)
In file included from test.c:1:
exercises.c: In function ‘reverseArray’:
exercises.c:28:27: error: expected expression before ‘]’ token
   28 |   int arrOriginal[] = arr[];
      |                           ^
exercises.c:28:7: error: unused variable ‘arrOriginal’ [-Werror=unused-variable]
   28 |   int arrOriginal[] = arr[];
      |       ^~~~~~~~~~~
cc1: all warnings being treated as errors
Compilation failed
44fe088
Wed 13 Mar 2024 08:51:31 PM UTC: 
 exercises.c | 13 +++++++++++--
 1 file changed, 11 insertions(+), 2 deletions(-)
In file included from test.c:1:
exercises.c: In function ‘filterEvenNumbers’:
exercises.c:42:14: error: assignment to expression with array type
   42 |       parArr = arr[i];
      |              ^
exercises.c:47:10: error: function returns address of local variable [-Werror=return-local-addr]
   47 |   return parArr;
      |          ^~~~~~
cc1: all warnings being treated as errors
Compilation failed
e6e402c
Wed 13 Mar 2024 08:52:42 PM UTC: 
 exercises.c | 2 +-
 1 file changed, 1 insertion(+), 1 deletion(-)
In file included from test.c:1:
exercises.c: In function ‘filterEvenNumbers’:
exercises.c:42:7: error: called object ‘parArr’ is not a function or function pointer
   42 |       parArr(*newSize) = arr[i];
      |       ^~~~~~
exercises.c:38:7: note: declared here
   38 |   int parArr[*newSize];
      |       ^~~~~~
exercises.c:47:10: error: function returns address of local variable [-Werror=return-local-addr]
   47 |   return parArr;
      |          ^~~~~~
cc1: all warnings being treated as errors
Compilation failed
d4b9095
Wed 13 Mar 2024 08:53:56 PM UTC: 
 exercises.c | 6 ++----
 1 file changed, 2 insertions(+), 4 deletions(-)
In file included from test.c:1:
exercises.c: In function ‘filterEvenNumbers’:
exercises.c:40:7: error: called object ‘parArr’ is not a function or function pointer
   40 |       parArr(*newSize) = arr[i];
      |       ^~~~~~
exercises.c:36:7: note: declared here
   36 |   int parArr[*newSize];
      |       ^~~~~~
exercises.c:45:17: error: expected expression before ‘]’ token
   45 |   return parArr[];
      |                 ^
exercises.c:46:1: error: control reaches end of non-void function [-Werror=return-type]
   46 | }
      | ^
cc1: all warnings being treated as errors
Compilation failed
c696836
Wed 13 Mar 2024 08:54:23 PM UTC: 
 exercises.c | 2 +-
 1 file changed, 1 insertion(+), 1 deletion(-)
In file included from test.c:1:
exercises.c: In function ‘filterEvenNumbers’:
exercises.c:45:17: error: expected expression before ‘]’ token
   45 |   return parArr[];
      |                 ^
exercises.c:36:7: error: variable ‘parArr’ set but not used [-Werror=unused-but-set-variable]
   36 |   int parArr[*newSize];
      |       ^~~~~~
exercises.c:46:1: error: control reaches end of non-void function [-Werror=return-type]
   46 | }
      | ^
cc1: all warnings being treated as errors
Compilation failed
c89d98f
Wed 13 Mar 2024 08:55:23 PM UTC: 
 exercises.c | 2 +-
 1 file changed, 1 insertion(+), 1 deletion(-)
In file included from test.c:1:
exercises.c: In function ‘filterEvenNumbers’:
exercises.c:45:16: error: returning ‘int’ from a function with return type ‘int *’ makes pointer from integer without a cast [-Werror=int-conversion]
   45 |   return parArr[*newSize];
      |          ~~~~~~^~~~~~~~~~
cc1: all warnings being treated as errors
Compilation failed
fee9de6
Wed 13 Mar 2024 08:55:53 PM UTC: 
 exercises.c | 2 +-
 1 file changed, 1 insertion(+), 1 deletion(-)
In file included from test.c:1:
exercises.c: In function ‘filterEvenNumbers’:
exercises.c:45:10: error: returning ‘int’ from a function with return type ‘int *’ makes pointer from integer without a cast [-Werror=int-conversion]
   45 |   return *parArr;
      |          ^~~~~~~
cc1: all warnings being treated as errors
Compilation failed
66a65e4
Wed 13 Mar 2024 08:56:14 PM UTC: 
 exercises.c | 2 +-
 1 file changed, 1 insertion(+), 1 deletion(-)
In file included from test.c:1:
exercises.c: In function ‘filterEvenNumbers’:
exercises.c:45:10: error: function returns address of local variable [-Werror=return-local-addr]
   45 |   return parArr;
      |          ^~~~~~
cc1: all warnings being treated as errors
Compilation failed
1aa099e
Wed 13 Mar 2024 09:00:30 PM UTC: 
 exercises.c | 5 ++++-
 1 file changed, 4 insertions(+), 1 deletion(-)
In file included from test.c:1:
exercises.c: In function ‘filterEvenNumbers’:
exercises.c:44:10: error: function returns address of local variable [-Werror=return-local-addr]
   44 |   return parArr;
      |          ^~~~~~
exercises.c: In function ‘mergeSortedArrays’:
exercises.c:56:7: error: unused variable ‘arr3’ [-Werror=unused-variable]
   56 |   int arr3[size3];
      |       ^~~~
cc1: all warnings being treated as errors
Compilation failed
65a0d17
Wed 13 Mar 2024 09:06:26 PM UTC: 
 exercises.c | 10 +++++++++-
 1 file changed, 9 insertions(+), 1 deletion(-)
In file included from test.c:1:
exercises.c: In function ‘filterEvenNumbers’:
exercises.c:44:10: error: function returns address of local variable [-Werror=return-local-addr]
   44 |   return parArr;
      |          ^~~~~~
cc1: all warnings being treated as errors
Compilation failed
b134c45
Wed 13 Mar 2024 09:09:57 PM UTC: 
 exercises.c | 4 +++-
 1 file changed, 3 insertions(+), 1 deletion(-)
In file included from test.c:1:
exercises.c: In function ‘filterEvenNumbers’:
exercises.c:46:10: error: function returns address of local variable [-Werror=return-local-addr]
   46 |   return parArr;
      |          ^~~~~~
cc1: all warnings being treated as errors
Compilation failed
84cf228
Wed 13 Mar 2024 09:12:50 PM UTC: 
 exercises.c | 5 +++--
 1 file changed, 3 insertions(+), 2 deletions(-)
In file included from test.c:1:
exercises.c: In function ‘filterEvenNumbers’:
exercises.c:39:7: error: ‘newSize’ redeclared as different kind of symbol
   39 |   int newSize = 0;
      |       ^~~~~~~
exercises.c:37:50: note: previous definition of ‘newSize’ with type ‘int *’
   37 | int *filterEvenNumbers(int arr[], int size, int *newSize) {
      |                                             ~~~~~^~~~~~~
exercises.c:47:10: error: function returns address of local variable [-Werror=return-local-addr]
   47 |   return parArr;
      |          ^~~~~~
cc1: all warnings being treated as errors
Compilation failed
ad80b50
Wed 13 Mar 2024 09:13:16 PM UTC: 
 exercises.c | 2 +-
 1 file changed, 1 insertion(+), 1 deletion(-)
In file included from test.c:1:
exercises.c: In function ‘filterEvenNumbers’:
exercises.c:43:13: error: array subscript is not an integer
   43 |       parArr[newSize] = arr[i];
      |             ^
exercises.c:47:10: error: function returns address of local variable [-Werror=return-local-addr]
   47 |   return parArr;
      |          ^~~~~~
cc1: all warnings being treated as errors
Compilation failed
25b6289
Wed 13 Mar 2024 09:13:43 PM UTC: 
 exercises.c | 4 ++--
 1 file changed, 2 insertions(+), 2 deletions(-)
In file included from test.c:1:
exercises.c: In function ‘filterEvenNumbers’:
exercises.c:47:10: error: function returns address of local variable [-Werror=return-local-addr]
   47 |   return parArr;
      |          ^~~~~~
cc1: all warnings being treated as errors
Compilation failed
c34bf35
Wed 13 Mar 2024 09:14:04 PM UTC: 
 exercises.c | 2 +-
 1 file changed, 1 insertion(+), 1 deletion(-)
In file included from test.c:1:
exercises.c: In function ‘filterEvenNumbers’:
exercises.c:47:10: error: function returns address of local variable [-Werror=return-local-addr]
   47 |   return parArr;
      |          ^~~~~~
cc1: all warnings being treated as errors
Compilation failed
d590f78
Wed 13 Mar 2024 09:17:42 PM UTC: 
 exercises.c | 2 ++
 1 file changed, 2 insertions(+)
In file included from test.c:1:
exercises.c: In function ‘reverseArray’:
exercises.c:28:7: error: unused variable ‘temp’ [-Werror=unused-variable]
   28 |   int temp;
      |       ^~~~
exercises.c: In function ‘filterEvenNumbers’:
exercises.c:40:7: error: conflicting types for ‘parArr’; have ‘int[*newSize]’
   40 |   int parArr[*newSize];
      |       ^~~~~~
exercises.c:39:8: note: previous definition of ‘parArr’ with type ‘int *’
   39 |   int *parArr = malloc(size * sizeof(int));
      |        ^~~~~~
exercises.c:49:10: error: function returns address of local variable [-Werror=return-local-addr]
   49 |   return parArr;
      |          ^~~~~~
cc1: all warnings being treated as errors
Compilation failed
53ee0a2
Wed 13 Mar 2024 09:18:05 PM UTC: 
 exercises.c | 1 -
 1 file changed, 1 deletion(-)
In file included from test.c:1:
exercises.c: In function ‘filterEvenNumbers’:
exercises.c:39:7: error: conflicting types for ‘parArr’; have ‘int[*newSize]’
   39 |   int parArr[*newSize];
      |       ^~~~~~
exercises.c:38:8: note: previous definition of ‘parArr’ with type ‘int *’
   38 |   int *parArr = malloc(size * sizeof(int));
      |        ^~~~~~
exercises.c:48:10: error: function returns address of local variable [-Werror=return-local-addr]
   48 |   return parArr;
      |          ^~~~~~
cc1: all warnings being treated as errors
Compilation failed
f5728ee
Wed 13 Mar 2024 09:19:56 PM UTC: 
 exercises.c | 9 ++++-----
 1 file changed, 4 insertions(+), 5 deletions(-)
In file included from test.c:1:
exercises.c: In function ‘filterEvenNumbers’:
exercises.c:47:10: error: function returns address of local variable [-Werror=return-local-addr]
   47 |   return parArr;
      |          ^~~~~~
cc1: all warnings being treated as errors
Compilation failed
7596041
Wed 13 Mar 2024 09:20:17 PM UTC: 
 exercises.c | 2 +-
 1 file changed, 1 insertion(+), 1 deletion(-)
In file included from test.c:1:
exercises.c: In function ‘filterEvenNumbers’:
exercises.c:47:16: error: returning ‘int’ from a function with return type ‘int *’ makes pointer from integer without a cast [-Werror=int-conversion]
   47 |   return parArr[talla];
      |          ~~~~~~^~~~~~~
exercises.c:47:16: error: array subscript talla is outside array bounds of ‘int[<U2360>]’ [-Werror=array-bounds]
exercises.c:39:7: note: while referencing ‘parArr.61’
   39 |   int parArr[talla];
      |       ^~~~~~
exercises.c:43:13: error: array subscript talla is outside array bounds of ‘int[<U2360>]’ [-Werror=array-bounds]
   43 |       parArr[talla] = arr[i];
      |       ~~~~~~^~~~~~~
exercises.c:39:7: note: while referencing ‘parArr.61’
   39 |   int parArr[talla];
      |       ^~~~~~
cc1: all warnings being treated as errors
Compilation failed
c99417a
Wed 13 Mar 2024 09:22:29 PM UTC: 
 exercises.c | 2 +-
 1 file changed, 1 insertion(+), 1 deletion(-)
In file included from test.c:1:
exercises.c: In function ‘filterEvenNumbers’:
exercises.c:47:16: error: returning ‘int’ from a function with return type ‘int *’ makes pointer from integer without a cast [-Werror=int-conversion]
   47 |   return parArr[talla];
      |          ~~~~~~^~~~~~~
cc1: all warnings being treated as errors
Compilation failed
49bf610
Sat 16 Mar 2024 04:37:27 PM UTC: 
 exercises.c | 13 +------------
 1 file changed, 1 insertion(+), 12 deletions(-)
In file included from test.c:1:
exercises.c: In function ‘filterEvenNumbers’:
exercises.c:47:16: error: returning ‘int’ from a function with return type ‘int *’ makes pointer from integer without a cast [-Werror=int-conversion]
   47 |   return parArr[talla];
      |          ~~~~~~^~~~~~~
cc1: all warnings being treated as errors
Compilation failed
6a21f63
Sat 16 Mar 2024 04:41:18 PM UTC: 
 exercises.c | 12 +++++++++---
 1 file changed, 9 insertions(+), 3 deletions(-)
In file included from test.c:1:
exercises.c: In function ‘filterEvenNumbers’:
exercises.c:54:1: error: control reaches end of non-void function [-Werror=return-type]
   54 | }
      | ^
cc1: all warnings being treated as errors
Compilation failed
9a986b8
Sat 16 Mar 2024 04:42:58 PM UTC: 
 exercises.c | 3 ++-
 1 file changed, 2 insertions(+), 1 deletion(-)
In file included from test.c:1:
exercises.c: In function ‘reverseArray’:
exercises.c:35:1: error: expected statement before ‘]’ token
   35 | ]
      | ^
exercises.c: In function ‘filterEvenNumbers’:
exercises.c:55:1: error: no return statement in function returning non-void [-Werror=return-type]
   55 | }
      | ^
test.c: In function ‘reverseArray’:
test.c:382:5: error: ‘main’ is normally a non-static function [-Werror=main]
  382 | int main(int argc, char *argv[]) {
      |     ^~~~
test.c:410:1: error: expected declaration or statement at end of input
  410 | }
      | ^
test.c:7:6: error: unused variable ‘msg’ [-Werror=unused-variable]
    7 | char msg[300];
      |      ^~~
At top level:
test.c:382:5: error: ‘main’ defined but not used [-Werror=unused-function]
  382 | int main(int argc, char *argv[]) {
      |     ^~~~
test.c:47:6: error: ‘readIntArray’ defined but not used [-Werror=unused-function]
   47 | void readIntArray(int arr[], int *size) {
      |      ^~~~~~~~~~~~
cc1: all warnings being treated as errors
Compilation failed
f57da21
Sat 16 Mar 2024 04:43:31 PM UTC: 
 exercises.c | 2 +-
 1 file changed, 1 insertion(+), 1 deletion(-)
In file included from test.c:1:
exercises.c: In function ‘filterEvenNumbers’:
exercises.c:55:1: error: control reaches end of non-void function [-Werror=return-type]
   55 | }
      | ^
cc1: all warnings being treated as errors
Compilation failed
9d7fcf5
Sat 16 Mar 2024 04:48:37 PM UTC: 
 exercises.c | 7 +++----
 1 file changed, 3 insertions(+), 4 deletions(-)
In file included from test.c:1:
exercises.c: In function ‘reverseArray’:
exercises.c:31:31: error: expected ‘;’ before ‘]’ token
   31 |     arr[i] = arr[size - 1 - i]];
      |                               ^
      |                               ;
exercises.c:31:31: error: expected statement before ‘]’ token
exercises.c:32:8: error: statement with no effect [-Werror=unused-value]
   32 |     arr[size - 1 - i]] = temp;
      |     ~~~^~~~~~~~~~~~~~
exercises.c:32:22: error: expected ‘;’ before ‘]’ token
   32 |     arr[size - 1 - i]] = temp;
      |                      ^
      |                      ;
exercises.c:32:22: error: expected statement before ‘]’ token
exercises.c:32:24: error: expected expression before ‘=’ token
   32 |     arr[size - 1 - i]] = temp;
      |                        ^
exercises.c: In function ‘filterEvenNumbers’:
exercises.c:54:1: error: control reaches end of non-void function [-Werror=return-type]
   54 | }
      | ^
cc1: all warnings being treated as errors
Compilation failed
102ea04
Sat 16 Mar 2024 04:49:01 PM UTC: 
 exercises.c | 4 ++--
 1 file changed, 2 insertions(+), 2 deletions(-)
In file included from test.c:1:
exercises.c: In function ‘filterEvenNumbers’:
exercises.c:54:1: error: control reaches end of non-void function [-Werror=return-type]
   54 | }
      | ^
cc1: all warnings being treated as errors
Compilation failed
2b15fb9
Sat 16 Mar 2024 04:49:54 PM UTC: 
 exercises.c | 4 ++--
 1 file changed, 2 insertions(+), 2 deletions(-)
test.c: In function ‘filterEvenNumbers’:
test.c:382:5: error: ‘main’ is normally a non-static function [-Werror=main]
  382 | int main(int argc, char *argv[]) {
      |     ^~~~
test.c:410:1: error: expected declaration or statement at end of input
  410 | }
      | ^
test.c:7:6: error: unused variable ‘msg’ [-Werror=unused-variable]
    7 | char msg[300];
      |      ^~~
test.c:411: error: control reaches end of non-void function [-Werror=return-type]
At top level:
test.c:382:5: error: ‘main’ defined but not used [-Werror=unused-function]
  382 | int main(int argc, char *argv[]) {
      |     ^~~~
test.c:47:6: error: ‘readIntArray’ defined but not used [-Werror=unused-function]
   47 | void readIntArray(int arr[], int *size) {
      |      ^~~~~~~~~~~~
cc1: all warnings being treated as errors
Compilation failed
5ea14a2
Sat 16 Mar 2024 04:51:04 PM UTC: 
 exercises.c | 13 +------------
 1 file changed, 1 insertion(+), 12 deletions(-)
In file included from test.c:1:
exercises.c: In function ‘filterEvenNumbers’:
exercises.c:43:60: error: control reaches end of non-void function [-Werror=return-type]
   43 | int *filterEvenNumbers(int arr[], int size, int *newSize) {}
      |                                                            ^
cc1: all warnings being treated as errors
Compilation failed
3557033
Sat 16 Mar 2024 04:51:25 PM UTC: 
 exercises.c | 2 +-
 1 file changed, 1 insertion(+), 1 deletion(-)
In file included from test.c:1:
exercises.c: In function ‘mergeSortedArrays’:
exercises.c:60:38: error: expected ‘=’, ‘,’, ‘;’, ‘asm’ or ‘__attribute__’ before ‘{’ token
   60 | int checkSorted(int arr[], int size) { return -2; }
      |                                      ^
exercises.c:73:3: error: storage class specified for parameter ‘Autor’
   73 | } Autor;
      |   ^~~~~
exercises.c:77:3: error: expected specifier-qualifier-list before ‘Autor’
   77 |   Autor autor;
      |   ^~~~~
exercises.c:79:3: error: storage class specified for parameter ‘Libro’
   79 | } Libro;
      |   ^~~~~
exercises.c:81:23: error: expected declaration specifiers or ‘...’ before ‘Libro’
   81 | void inicializarLibro(Libro *libro, const char *titulo, const char *nombreAutor,
      |                       ^~~~~
exercises.c:98:3: error: storage class specified for parameter ‘Nodo’
   98 | } Nodo;
      |   ^~~~
exercises.c:100:1: error: expected declaration specifiers before ‘Nodo’
  100 | Nodo *crearListaEnlazada(int arr[], int size) { return NULL; }
      | ^~~~
In file included from test.c:5:
/nix/store/4pqv2mwdn88h7xvsm7a5zplrd8sxzvw0-glibc-2.35-163-dev/include/time.h:72:16: error: storage class specified for parameter ‘clock’
   72 | extern clock_t clock (void) __THROW;
      |                ^~~~~
/nix/store/4pqv2mwdn88h7xvsm7a5zplrd8sxzvw0-glibc-2.35-163-dev/include/time.h:76:15: error: storage class specified for parameter ‘time’
   76 | extern time_t time (time_t *__timer) __THROW;
      |               ^~~~
/nix/store/4pqv2mwdn88h7xvsm7a5zplrd8sxzvw0-glibc-2.35-163-dev/include/time.h:79:15: error: storage class specified for parameter ‘difftime’
   79 | extern double difftime (time_t __time1, time_t __time0)
      |               ^~~~~~~~
/nix/store/4pqv2mwdn88h7xvsm7a5zplrd8sxzvw0-glibc-2.35-163-dev/include/time.h:83:15: error: storage class specified for parameter ‘mktime’
   83 | extern time_t mktime (struct tm *__tp) __THROW;
      |               ^~~~~~
/nix/store/4pqv2mwdn88h7xvsm7a5zplrd8sxzvw0-glibc-2.35-163-dev/include/time.h:100:15: error: storage class specified for parameter ‘strftime’
  100 | extern size_t strftime (char *__restrict __s, size_t __maxsize,
      |               ^~~~~~~~
/nix/store/4pqv2mwdn88h7xvsm7a5zplrd8sxzvw0-glibc-2.35-163-dev/include/time.h:116:15: error: storage class specified for parameter ‘strftime_l’
  116 | extern size_t strftime_l (char *__restrict __s, size_t __maxsize,
      |               ^~~~~~~~~~
/nix/store/4pqv2mwdn88h7xvsm7a5zplrd8sxzvw0-glibc-2.35-163-dev/include/time.h:132:19: error: storage class specified for parameter ‘gmtime’
  132 | extern struct tm *gmtime (const time_t *__timer) __THROW;
      |                   ^~~~~~
/nix/store/4pqv2mwdn88h7xvsm7a5zplrd8sxzvw0-glibc-2.35-163-dev/include/time.h:136:19: error: storage class specified for parameter ‘localtime’
  136 | extern struct tm *localtime (const time_t *__timer) __THROW;
      |                   ^~~~~~~~~
/nix/store/4pqv2mwdn88h7xvsm7a5zplrd8sxzvw0-glibc-2.35-163-dev/include/time.h:154:19: error: storage class specified for parameter ‘gmtime_r’
  154 | extern struct tm *gmtime_r (const time_t *__restrict __timer,
      |                   ^~~~~~~~
/nix/store/4pqv2mwdn88h7xvsm7a5zplrd8sxzvw0-glibc-2.35-163-dev/include/time.h:159:19: error: storage class specified for parameter ‘localtime_r’
  159 | extern struct tm *localtime_r (const time_t *__restrict __timer,
      |                   ^~~~~~~~~~~
/nix/store/4pqv2mwdn88h7xvsm7a5zplrd8sxzvw0-glibc-2.35-163-dev/include/time.h:179:14: error: storage class specified for parameter ‘asctime’
  179 | extern char *asctime (const struct tm *__tp) __THROW;
      |              ^~~~~~~
/nix/store/4pqv2mwdn88h7xvsm7a5zplrd8sxzvw0-glibc-2.35-163-dev/include/time.h:183:14: error: storage class specified for parameter ‘ctime’
  183 | extern char *ctime (const time_t *__timer) __THROW;
      |              ^~~~~
/nix/store/4pqv2mwdn88h7xvsm7a5zplrd8sxzvw0-glibc-2.35-163-dev/include/time.h:197:14: error: storage class specified for parameter ‘asctime_r’
  197 | extern char *asctime_r (const struct tm *__restrict __tp,
      |              ^~~~~~~~~
/nix/store/4pqv2mwdn88h7xvsm7a5zplrd8sxzvw0-glibc-2.35-163-dev/include/time.h:202:14: error: storage class specified for parameter ‘ctime_r’
  202 | extern char *ctime_r (const time_t *__restrict __timer,
      |              ^~~~~~~
/nix/store/4pqv2mwdn88h7xvsm7a5zplrd8sxzvw0-glibc-2.35-163-dev/include/time.h:217:14: error: storage class specified for parameter ‘__tzname’
  217 | extern char *__tzname[2];       /* Current timezone names.  */
      |              ^~~~~~~~
/nix/store/4pqv2mwdn88h7xvsm7a5zplrd8sxzvw0-glibc-2.35-163-dev/include/time.h:218:12: error: storage class specified for parameter ‘__daylight’
  218 | extern int __daylight;          /* If daylight-saving time is ever in use.  */
      |            ^~~~~~~~~~
/nix/store/4pqv2mwdn88h7xvsm7a5zplrd8sxzvw0-glibc-2.35-163-dev/include/time.h:219:17: error: storage class specified for parameter ‘__timezone’
  219 | extern long int __timezone;     /* Seconds west of UTC.  */
      |                 ^~~~~~~~~~
/nix/store/4pqv2mwdn88h7xvsm7a5zplrd8sxzvw0-glibc-2.35-163-dev/include/time.h:224:14: error: storage class specified for parameter ‘tzname’
  224 | extern char *tzname[2];
      |              ^~~~~~
/nix/store/4pqv2mwdn88h7xvsm7a5zplrd8sxzvw0-glibc-2.35-163-dev/include/time.h:228:13: error: storage class specified for parameter ‘tzset’
  228 | extern void tzset (void) __THROW;
      |             ^~~~~
/nix/store/4pqv2mwdn88h7xvsm7a5zplrd8sxzvw0-glibc-2.35-163-dev/include/time.h:232:12: error: storage class specified for parameter ‘daylight’
  232 | extern int daylight;
      |            ^~~~~~~~
/nix/store/4pqv2mwdn88h7xvsm7a5zplrd8sxzvw0-glibc-2.35-163-dev/include/time.h:233:17: error: storage class specified for parameter ‘timezone’
  233 | extern long int timezone;
      |                 ^~~~~~~~
/nix/store/4pqv2mwdn88h7xvsm7a5zplrd8sxzvw0-glibc-2.35-163-dev/include/time.h:249:15: error: storage class specified for parameter ‘timegm’
  249 | extern time_t timegm (struct tm *__tp) __THROW;
      |               ^~~~~~
/nix/store/4pqv2mwdn88h7xvsm7a5zplrd8sxzvw0-glibc-2.35-163-dev/include/time.h:251:15: error: storage class specified for parameter ‘timelocal’
  251 | extern time_t timelocal (struct tm *__tp) __THROW;
      |               ^~~~~~~~~
/nix/store/4pqv2mwdn88h7xvsm7a5zplrd8sxzvw0-glibc-2.35-163-dev/include/time.h:262:12: error: storage class specified for parameter ‘dysize’
  262 | extern int dysize (int __year) __THROW  __attribute__ ((__const__));
      |            ^~~~~~
/nix/store/4pqv2mwdn88h7xvsm7a5zplrd8sxzvw0-glibc-2.35-163-dev/include/time.h:272:12: error: storage class specified for parameter ‘nanosleep’
  272 | extern int nanosleep (const struct timespec *__requested_time,
      |            ^~~~~~~~~
/nix/store/4pqv2mwdn88h7xvsm7a5zplrd8sxzvw0-glibc-2.35-163-dev/include/time.h:276:12: error: storage class specified for parameter ‘clock_getres’
  276 | extern int clock_getres (clockid_t __clock_id, struct timespec *__res) __THROW;
      |            ^~~~~~~~~~~~
/nix/store/4pqv2mwdn88h7xvsm7a5zplrd8sxzvw0-glibc-2.35-163-dev/include/time.h:279:12: error: storage class specified for parameter ‘clock_gettime’
  279 | extern int clock_gettime (clockid_t __clock_id, struct timespec *__tp) __THROW;
      |            ^~~~~~~~~~~~~
/nix/store/4pqv2mwdn88h7xvsm7a5zplrd8sxzvw0-glibc-2.35-163-dev/include/time.h:282:12: error: storage class specified for parameter ‘clock_settime’
  282 | extern int clock_settime (clockid_t __clock_id, const struct timespec *__tp)
      |            ^~~~~~~~~~~~~
/nix/store/4pqv2mwdn88h7xvsm7a5zplrd8sxzvw0-glibc-2.35-163-dev/include/time.h:311:12: error: storage class specified for parameter ‘clock_nanosleep’
  311 | extern int clock_nanosleep (clockid_t __clock_id, int __flags,
      |            ^~~~~~~~~~~~~~~
/nix/store/4pqv2mwdn88h7xvsm7a5zplrd8sxzvw0-glibc-2.35-163-dev/include/time.h:326:12: error: storage class specified for parameter ‘clock_getcpuclockid’
  326 | extern int clock_getcpuclockid (pid_t __pid, clockid_t *__clock_id) __THROW;
      |            ^~~~~~~~~~~~~~~~~~~
/nix/store/4pqv2mwdn88h7xvsm7a5zplrd8sxzvw0-glibc-2.35-163-dev/include/time.h:331:12: error: storage class specified for parameter ‘timer_create’
  331 | extern int timer_create (clockid_t __clock_id,
      |            ^~~~~~~~~~~~
/nix/store/4pqv2mwdn88h7xvsm7a5zplrd8sxzvw0-glibc-2.35-163-dev/include/time.h:336:12: error: storage class specified for parameter ‘timer_delete’
  336 | extern int timer_delete (timer_t __timerid) __THROW;
      |            ^~~~~~~~~~~~
/nix/store/4pqv2mwdn88h7xvsm7a5zplrd8sxzvw0-glibc-2.35-163-dev/include/time.h:340:12: error: storage class specified for parameter ‘timer_settime’
  340 | extern int timer_settime (timer_t __timerid, int __flags,
      |            ^~~~~~~~~~~~~
/nix/store/4pqv2mwdn88h7xvsm7a5zplrd8sxzvw0-glibc-2.35-163-dev/include/time.h:345:12: error: storage class specified for parameter ‘timer_gettime’
  345 | extern int timer_gettime (timer_t __timerid, struct itimerspec *__value)
      |            ^~~~~~~~~~~~~
/nix/store/4pqv2mwdn88h7xvsm7a5zplrd8sxzvw0-glibc-2.35-163-dev/include/time.h:364:12: error: storage class specified for parameter ‘timer_getoverrun’
  364 | extern int timer_getoverrun (timer_t __timerid) __THROW;
      |            ^~~~~~~~~~~~~~~~
/nix/store/4pqv2mwdn88h7xvsm7a5zplrd8sxzvw0-glibc-2.35-163-dev/include/time.h:371:12: error: storage class specified for parameter ‘timespec_get’
  371 | extern int timespec_get (struct timespec *__ts, int __base)
      |            ^~~~~~~~~~~~
test.c:8:1: error: parameter ‘test_id’ is initialized
    8 | int test_id = -1;
      | ^~~
test.c:11:77: error: expected ‘=’, ‘,’, ‘;’, ‘asm’ or ‘__attribute__’ before ‘{’ token
   11 | int test_suite(int (*test)(), char *msg, int max_score, int id, int req_id) {
      |                                                                             ^
test.c:29:39: error: expected ‘=’, ‘,’, ‘;’, ‘asm’ or ‘__attribute__’ before ‘{’ token
   29 | void print_array(int arr[], int size) {
      |                                       ^
test.c:37:24: error: expected declaration specifiers or ‘...’ before ‘Nodo’
   37 | void print_linked_list(Nodo* lista) {
      |                        ^~~~
test.c:47:41: error: expected ‘=’, ‘,’, ‘;’, ‘asm’ or ‘__attribute__’ before ‘{’ token
   47 | void readIntArray(int arr[], int *size) {
      |                                         ^
test.c:60:62: error: expected ‘=’, ‘,’, ‘;’, ‘asm’ or ‘__attribute__’ before ‘{’ token
   60 | void create_random_array(int arr[], int *size, int max_size) {
      |                                                              ^
test.c:69:85: error: expected ‘=’, ‘,’, ‘;’, ‘asm’ or ‘__attribute__’ before ‘{’ token
   69 | void create_random_sorted_array(int arr[], int *size, int max_size, int descending) {
      |                                                                                     ^
test.c:77:71: error: expected ‘=’, ‘,’, ‘;’, ‘asm’ or ‘__attribute__’ before ‘{’ token
   77 | void create_random_unsorted_array(int arr[], int *size, int max_size) {
      |                                                                       ^
test.c:86:20: error: expected ‘=’, ‘,’, ‘;’, ‘asm’ or ‘__attribute__’ before ‘{’ token
   86 | int test_findMax() {
      |                    ^
test.c:117:25: error: expected ‘=’, ‘,’, ‘;’, ‘asm’ or ‘__attribute__’ before ‘{’ token
  117 | int test_reverseArray() {
      |                         ^
test.c:144:30: error: expected ‘=’, ‘,’, ‘;’, ‘asm’ or ‘__attribute__’ before ‘{’ token
  144 | int test_filterEvenNumbers() {
      |                              ^
test.c:196:22: error: expected ‘=’, ‘,’, ‘;’, ‘asm’ or ‘__attribute__’ before ‘{’ token
  196 | int test_mergeSort() {
      |                      ^
test.c:250:24: error: expected ‘=’, ‘,’, ‘;’, ‘asm’ or ‘__attribute__’ before ‘{’ token
  250 | int test_checkSorted() {
      |                        ^
test.c:289:26: error: type defaults to ‘int’ in declaration of ‘Libro’ [-Werror=implicit-int]
  289 | void imprimirLibro(const Libro *libro) {
      |                          ^~~~~
test.c:289:32: error: expected ‘;’, ‘,’ or ‘)’ before ‘*’ token
  289 | void imprimirLibro(const Libro *libro) {
      |                                ^
test.c:295:23: error: expected ‘=’, ‘,’, ‘;’, ‘asm’ or ‘__attribute__’ before ‘{’ token
  295 | int test_biblioteca() {
      |                       ^
test.c:326:31: error: expected ‘=’, ‘,’, ‘;’, ‘asm’ or ‘__attribute__’ before ‘{’ token
  326 | int test_crearListaEnlazada() {
      |                               ^
test.c:382:34: error: expected ‘=’, ‘,’, ‘;’, ‘asm’ or ‘__attribute__’ before ‘{’ token
  382 | int main(int argc, char *argv[]) {
      |                                  ^
In file included from test.c:1:
exercises.c:51:6: error: old-style parameter declarations in prototyped function definition
   51 | void mergeSortedArrays(int arr1[], int size1, int arr2[], int size2,
      |      ^~~~~~~~~~~~~~~~~
test.c:411: error: expected ‘{’ at end of input
In file included from test.c:1:
exercises.c: In function ‘filterEvenNumbers’:
exercises.c:43:60: error: control reaches end of non-void function [-Werror=return-type]
   43 | int *filterEvenNumbers(int arr[], int size, int *newSize) {}
      |                                                            ^
cc1: all warnings being treated as errors
Compilation failed
e19c336
Sat 16 Mar 2024 04:54:51 PM UTC: 
 exercises.c | 2 +-
 1 file changed, 1 insertion(+), 1 deletion(-)
In file included from test.c:1:
exercises.c: In function ‘mergeSortedArrays’:
exercises.c:60:38: error: expected ‘=’, ‘,’, ‘;’, ‘asm’ or ‘__attribute__’ before ‘{’ token
   60 | int checkSorted(int arr[], int size) { return -2; }
      |                                      ^
exercises.c:73:3: error: storage class specified for parameter ‘Autor’
   73 | } Autor;
      |   ^~~~~
exercises.c:77:3: error: expected specifier-qualifier-list before ‘Autor’
   77 |   Autor autor;
      |   ^~~~~
exercises.c:79:3: error: storage class specified for parameter ‘Libro’
   79 | } Libro;
      |   ^~~~~
exercises.c:81:23: error: expected declaration specifiers or ‘...’ before ‘Libro’
   81 | void inicializarLibro(Libro *libro, const char *titulo, const char *nombreAutor,
      |                       ^~~~~
exercises.c:98:3: error: storage class specified for parameter ‘Nodo’
   98 | } Nodo;
      |   ^~~~
exercises.c:100:1: error: expected declaration specifiers before ‘Nodo’
  100 | Nodo *crearListaEnlazada(int arr[], int size) { return NULL; }
      | ^~~~
In file included from test.c:5:
/nix/store/4pqv2mwdn88h7xvsm7a5zplrd8sxzvw0-glibc-2.35-163-dev/include/time.h:72:16: error: storage class specified for parameter ‘clock’
   72 | extern clock_t clock (void) __THROW;
      |                ^~~~~
/nix/store/4pqv2mwdn88h7xvsm7a5zplrd8sxzvw0-glibc-2.35-163-dev/include/time.h:76:15: error: storage class specified for parameter ‘time’
   76 | extern time_t time (time_t *__timer) __THROW;
      |               ^~~~
/nix/store/4pqv2mwdn88h7xvsm7a5zplrd8sxzvw0-glibc-2.35-163-dev/include/time.h:79:15: error: storage class specified for parameter ‘difftime’
   79 | extern double difftime (time_t __time1, time_t __time0)
      |               ^~~~~~~~
/nix/store/4pqv2mwdn88h7xvsm7a5zplrd8sxzvw0-glibc-2.35-163-dev/include/time.h:83:15: error: storage class specified for parameter ‘mktime’
   83 | extern time_t mktime (struct tm *__tp) __THROW;
      |               ^~~~~~
/nix/store/4pqv2mwdn88h7xvsm7a5zplrd8sxzvw0-glibc-2.35-163-dev/include/time.h:100:15: error: storage class specified for parameter ‘strftime’
  100 | extern size_t strftime (char *__restrict __s, size_t __maxsize,
      |               ^~~~~~~~
/nix/store/4pqv2mwdn88h7xvsm7a5zplrd8sxzvw0-glibc-2.35-163-dev/include/time.h:116:15: error: storage class specified for parameter ‘strftime_l’
  116 | extern size_t strftime_l (char *__restrict __s, size_t __maxsize,
      |               ^~~~~~~~~~
/nix/store/4pqv2mwdn88h7xvsm7a5zplrd8sxzvw0-glibc-2.35-163-dev/include/time.h:132:19: error: storage class specified for parameter ‘gmtime’
  132 | extern struct tm *gmtime (const time_t *__timer) __THROW;
      |                   ^~~~~~
/nix/store/4pqv2mwdn88h7xvsm7a5zplrd8sxzvw0-glibc-2.35-163-dev/include/time.h:136:19: error: storage class specified for parameter ‘localtime’
  136 | extern struct tm *localtime (const time_t *__timer) __THROW;
      |                   ^~~~~~~~~
/nix/store/4pqv2mwdn88h7xvsm7a5zplrd8sxzvw0-glibc-2.35-163-dev/include/time.h:154:19: error: storage class specified for parameter ‘gmtime_r’
  154 | extern struct tm *gmtime_r (const time_t *__restrict __timer,
      |                   ^~~~~~~~
/nix/store/4pqv2mwdn88h7xvsm7a5zplrd8sxzvw0-glibc-2.35-163-dev/include/time.h:159:19: error: storage class specified for parameter ‘localtime_r’
  159 | extern struct tm *localtime_r (const time_t *__restrict __timer,
      |                   ^~~~~~~~~~~
/nix/store/4pqv2mwdn88h7xvsm7a5zplrd8sxzvw0-glibc-2.35-163-dev/include/time.h:179:14: error: storage class specified for parameter ‘asctime’
  179 | extern char *asctime (const struct tm *__tp) __THROW;
      |              ^~~~~~~
/nix/store/4pqv2mwdn88h7xvsm7a5zplrd8sxzvw0-glibc-2.35-163-dev/include/time.h:183:14: error: storage class specified for parameter ‘ctime’
  183 | extern char *ctime (const time_t *__timer) __THROW;
      |              ^~~~~
/nix/store/4pqv2mwdn88h7xvsm7a5zplrd8sxzvw0-glibc-2.35-163-dev/include/time.h:197:14: error: storage class specified for parameter ‘asctime_r’
  197 | extern char *asctime_r (const struct tm *__restrict __tp,
      |              ^~~~~~~~~
/nix/store/4pqv2mwdn88h7xvsm7a5zplrd8sxzvw0-glibc-2.35-163-dev/include/time.h:202:14: error: storage class specified for parameter ‘ctime_r’
  202 | extern char *ctime_r (const time_t *__restrict __timer,
      |              ^~~~~~~
/nix/store/4pqv2mwdn88h7xvsm7a5zplrd8sxzvw0-glibc-2.35-163-dev/include/time.h:217:14: error: storage class specified for parameter ‘__tzname’
  217 | extern char *__tzname[2];       /* Current timezone names.  */
      |              ^~~~~~~~
/nix/store/4pqv2mwdn88h7xvsm7a5zplrd8sxzvw0-glibc-2.35-163-dev/include/time.h:218:12: error: storage class specified for parameter ‘__daylight’
  218 | extern int __daylight;          /* If daylight-saving time is ever in use.  */
      |            ^~~~~~~~~~
/nix/store/4pqv2mwdn88h7xvsm7a5zplrd8sxzvw0-glibc-2.35-163-dev/include/time.h:219:17: error: storage class specified for parameter ‘__timezone’
  219 | extern long int __timezone;     /* Seconds west of UTC.  */
      |                 ^~~~~~~~~~
/nix/store/4pqv2mwdn88h7xvsm7a5zplrd8sxzvw0-glibc-2.35-163-dev/include/time.h:224:14: error: storage class specified for parameter ‘tzname’
  224 | extern char *tzname[2];
      |              ^~~~~~
/nix/store/4pqv2mwdn88h7xvsm7a5zplrd8sxzvw0-glibc-2.35-163-dev/include/time.h:228:13: error: storage class specified for parameter ‘tzset’
  228 | extern void tzset (void) __THROW;
      |             ^~~~~
/nix/store/4pqv2mwdn88h7xvsm7a5zplrd8sxzvw0-glibc-2.35-163-dev/include/time.h:232:12: error: storage class specified for parameter ‘daylight’
  232 | extern int daylight;
      |            ^~~~~~~~
/nix/store/4pqv2mwdn88h7xvsm7a5zplrd8sxzvw0-glibc-2.35-163-dev/include/time.h:233:17: error: storage class specified for parameter ‘timezone’
  233 | extern long int timezone;
      |                 ^~~~~~~~
/nix/store/4pqv2mwdn88h7xvsm7a5zplrd8sxzvw0-glibc-2.35-163-dev/include/time.h:249:15: error: storage class specified for parameter ‘timegm’
  249 | extern time_t timegm (struct tm *__tp) __THROW;
      |               ^~~~~~
/nix/store/4pqv2mwdn88h7xvsm7a5zplrd8sxzvw0-glibc-2.35-163-dev/include/time.h:251:15: error: storage class specified for parameter ‘timelocal’
  251 | extern time_t timelocal (struct tm *__tp) __THROW;
      |               ^~~~~~~~~
/nix/store/4pqv2mwdn88h7xvsm7a5zplrd8sxzvw0-glibc-2.35-163-dev/include/time.h:262:12: error: storage class specified for parameter ‘dysize’
  262 | extern int dysize (int __year) __THROW  __attribute__ ((__const__));
      |            ^~~~~~
/nix/store/4pqv2mwdn88h7xvsm7a5zplrd8sxzvw0-glibc-2.35-163-dev/include/time.h:272:12: error: storage class specified for parameter ‘nanosleep’
  272 | extern int nanosleep (const struct timespec *__requested_time,
      |            ^~~~~~~~~
/nix/store/4pqv2mwdn88h7xvsm7a5zplrd8sxzvw0-glibc-2.35-163-dev/include/time.h:276:12: error: storage class specified for parameter ‘clock_getres’
  276 | extern int clock_getres (clockid_t __clock_id, struct timespec *__res) __THROW;
      |            ^~~~~~~~~~~~
/nix/store/4pqv2mwdn88h7xvsm7a5zplrd8sxzvw0-glibc-2.35-163-dev/include/time.h:279:12: error: storage class specified for parameter ‘clock_gettime’
  279 | extern int clock_gettime (clockid_t __clock_id, struct timespec *__tp) __THROW;
      |            ^~~~~~~~~~~~~
/nix/store/4pqv2mwdn88h7xvsm7a5zplrd8sxzvw0-glibc-2.35-163-dev/include/time.h:282:12: error: storage class specified for parameter ‘clock_settime’
  282 | extern int clock_settime (clockid_t __clock_id, const struct timespec *__tp)
      |            ^~~~~~~~~~~~~
/nix/store/4pqv2mwdn88h7xvsm7a5zplrd8sxzvw0-glibc-2.35-163-dev/include/time.h:311:12: error: storage class specified for parameter ‘clock_nanosleep’
  311 | extern int clock_nanosleep (clockid_t __clock_id, int __flags,
      |            ^~~~~~~~~~~~~~~
/nix/store/4pqv2mwdn88h7xvsm7a5zplrd8sxzvw0-glibc-2.35-163-dev/include/time.h:326:12: error: storage class specified for parameter ‘clock_getcpuclockid’
  326 | extern int clock_getcpuclockid (pid_t __pid, clockid_t *__clock_id) __THROW;
      |            ^~~~~~~~~~~~~~~~~~~
/nix/store/4pqv2mwdn88h7xvsm7a5zplrd8sxzvw0-glibc-2.35-163-dev/include/time.h:331:12: error: storage class specified for parameter ‘timer_create’
  331 | extern int timer_create (clockid_t __clock_id,
      |            ^~~~~~~~~~~~
/nix/store/4pqv2mwdn88h7xvsm7a5zplrd8sxzvw0-glibc-2.35-163-dev/include/time.h:336:12: error: storage class specified for parameter ‘timer_delete’
  336 | extern int timer_delete (timer_t __timerid) __THROW;
      |            ^~~~~~~~~~~~
/nix/store/4pqv2mwdn88h7xvsm7a5zplrd8sxzvw0-glibc-2.35-163-dev/include/time.h:340:12: error: storage class specified for parameter ‘timer_settime’
  340 | extern int timer_settime (timer_t __timerid, int __flags,
      |            ^~~~~~~~~~~~~
/nix/store/4pqv2mwdn88h7xvsm7a5zplrd8sxzvw0-glibc-2.35-163-dev/include/time.h:345:12: error: storage class specified for parameter ‘timer_gettime’
  345 | extern int timer_gettime (timer_t __timerid, struct itimerspec *__value)
      |            ^~~~~~~~~~~~~
/nix/store/4pqv2mwdn88h7xvsm7a5zplrd8sxzvw0-glibc-2.35-163-dev/include/time.h:364:12: error: storage class specified for parameter ‘timer_getoverrun’
  364 | extern int timer_getoverrun (timer_t __timerid) __THROW;
      |            ^~~~~~~~~~~~~~~~
/nix/store/4pqv2mwdn88h7xvsm7a5zplrd8sxzvw0-glibc-2.35-163-dev/include/time.h:371:12: error: storage class specified for parameter ‘timespec_get’
  371 | extern int timespec_get (struct timespec *__ts, int __base)
      |            ^~~~~~~~~~~~
test.c:8:1: error: parameter ‘test_id’ is initialized
    8 | int test_id = -1;
      | ^~~
test.c:11:77: error: expected ‘=’, ‘,’, ‘;’, ‘asm’ or ‘__attribute__’ before ‘{’ token
   11 | int test_suite(int (*test)(), char *msg, int max_score, int id, int req_id) {
      |                                                                             ^
test.c:29:39: error: expected ‘=’, ‘,’, ‘;’, ‘asm’ or ‘__attribute__’ before ‘{’ token
   29 | void print_array(int arr[], int size) {
      |                                       ^
test.c:37:24: error: expected declaration specifiers or ‘...’ before ‘Nodo’
   37 | void print_linked_list(Nodo* lista) {
      |                        ^~~~
test.c:47:41: error: expected ‘=’, ‘,’, ‘;’, ‘asm’ or ‘__attribute__’ before ‘{’ token
   47 | void readIntArray(int arr[], int *size) {
      |                                         ^
test.c:60:62: error: expected ‘=’, ‘,’, ‘;’, ‘asm’ or ‘__attribute__’ before ‘{’ token
   60 | void create_random_array(int arr[], int *size, int max_size) {
      |                                                              ^
test.c:69:85: error: expected ‘=’, ‘,’, ‘;’, ‘asm’ or ‘__attribute__’ before ‘{’ token
   69 | void create_random_sorted_array(int arr[], int *size, int max_size, int descending) {
      |                                                                                     ^
test.c:77:71: error: expected ‘=’, ‘,’, ‘;’, ‘asm’ or ‘__attribute__’ before ‘{’ token
   77 | void create_random_unsorted_array(int arr[], int *size, int max_size) {
      |                                                                       ^
test.c:86:20: error: expected ‘=’, ‘,’, ‘;’, ‘asm’ or ‘__attribute__’ before ‘{’ token
   86 | int test_findMax() {
      |                    ^
test.c:117:25: error: expected ‘=’, ‘,’, ‘;’, ‘asm’ or ‘__attribute__’ before ‘{’ token
  117 | int test_reverseArray() {
      |                         ^
test.c:144:30: error: expected ‘=’, ‘,’, ‘;’, ‘asm’ or ‘__attribute__’ before ‘{’ token
  144 | int test_filterEvenNumbers() {
      |                              ^
test.c:196:22: error: expected ‘=’, ‘,’, ‘;’, ‘asm’ or ‘__attribute__’ before ‘{’ token
  196 | int test_mergeSort() {
      |                      ^
test.c:250:24: error: expected ‘=’, ‘,’, ‘;’, ‘asm’ or ‘__attribute__’ before ‘{’ token
  250 | int test_checkSorted() {
      |                        ^
test.c:289:26: error: type defaults to ‘int’ in declaration of ‘Libro’ [-Werror=implicit-int]
  289 | void imprimirLibro(const Libro *libro) {
      |                          ^~~~~
test.c:289:32: error: expected ‘;’, ‘,’ or ‘)’ before ‘*’ token
  289 | void imprimirLibro(const Libro *libro) {
      |                                ^
test.c:295:23: error: expected ‘=’, ‘,’, ‘;’, ‘asm’ or ‘__attribute__’ before ‘{’ token
  295 | int test_biblioteca() {
      |                       ^
test.c:326:31: error: expected ‘=’, ‘,’, ‘;’, ‘asm’ or ‘__attribute__’ before ‘{’ token
  326 | int test_crearListaEnlazada() {
      |                               ^
test.c:382:34: error: expected ‘=’, ‘,’, ‘;’, ‘asm’ or ‘__attribute__’ before ‘{’ token
  382 | int main(int argc, char *argv[]) {
      |                                  ^
In file included from test.c:1:
exercises.c:51:6: error: old-style parameter declarations in prototyped function definition
   51 | void mergeSortedArrays(int arr1[], int size1, int arr2[], int size2,
      |      ^~~~~~~~~~~~~~~~~
test.c:411: error: expected ‘{’ at end of input
cc1: all warnings being treated as errors
Compilation failed
f1d91a1
Sat 16 Mar 2024 04:58:21 PM UTC: 
 exercises.c | 22 +++++++++++++++++-----
 1 file changed, 17 insertions(+), 5 deletions(-)
test.c: In function ‘filterEvenNumbers’:
test.c:382:5: error: ‘main’ is normally a non-static function [-Werror=main]
  382 | int main(int argc, char *argv[]) {
      |     ^~~~
test.c:410:1: error: expected declaration or statement at end of input
  410 | }
      | ^
test.c:7:6: error: unused variable ‘msg’ [-Werror=unused-variable]
    7 | char msg[300];
      |      ^~~
test.c:411: error: control reaches end of non-void function [-Werror=return-type]
At top level:
test.c:382:5: error: ‘main’ defined but not used [-Werror=unused-function]
  382 | int main(int argc, char *argv[]) {
      |     ^~~~
test.c:47:6: error: ‘readIntArray’ defined but not used [-Werror=unused-function]
   47 | void readIntArray(int arr[], int *size) {
      |      ^~~~~~~~~~~~
cc1: all warnings being treated as errors
Compilation failed
0801d66
Sat 16 Mar 2024 04:59:27 PM UTC: 
 exercises.c | 7 +++----
 1 file changed, 3 insertions(+), 4 deletions(-)
test.c: In function ‘filterEvenNumbers’:
test.c:382:5: error: ‘main’ is normally a non-static function [-Werror=main]
  382 | int main(int argc, char *argv[]) {
      |     ^~~~
test.c:410:1: error: expected declaration or statement at end of input
  410 | }
      | ^
test.c:7:6: error: unused variable ‘msg’ [-Werror=unused-variable]
    7 | char msg[300];
      |      ^~~
test.c:411: error: control reaches end of non-void function [-Werror=return-type]
At top level:
test.c:382:5: error: ‘main’ defined but not used [-Werror=unused-function]
  382 | int main(int argc, char *argv[]) {
      |     ^~~~
test.c:47:6: error: ‘readIntArray’ defined but not used [-Werror=unused-function]
   47 | void readIntArray(int arr[], int *size) {
      |      ^~~~~~~~~~~~
cc1: all warnings being treated as errors
Compilation failed
7ab325e
